# JRE version: Java(TM) SE Runtime Environment (8.0_241-b07) (build 1.8.0_241-b07)
# Java VM: Java HotSpot(TM) 64-Bit Server VM (25.241-b07 mixed mode windows-amd64 compressed oops)
Heap:
 PSYoungGen      total 76288K, used 32650K [0x000000076ac00000, 0x0000000774100000, 0x00000007c0000000)
  eden space 65536K, 49% used [0x000000076ac00000,0x000000076cbe2900,0x000000076ec00000)
  from space 10752K, 0% used [0x000000076f680000,0x000000076f680000,0x0000000770100000)
  to   space 10752K, 0% used [0x000000076ec00000,0x000000076ec00000,0x000000076f680000)
 ParOldGen       total 84992K, used 6766K [0x00000006c0400000, 0x00000006c5700000, 0x000000076ac00000)
  object space 84992K, 7% used [0x00000006c0400000,0x00000006c0a9ba58,0x00000006c5700000)
 Metaspace       used 24274K, capacity 25200K, committed 25344K, reserved 1071104K
  class space    used 3031K, capacity 3278K, committed 3328K, reserved 1048576K
GC Heap History (6 events):
Event: 14.152 GC heap before
{Heap before GC invocations=1 (full 0):
 PSYoungGen      total 76288K, used 65536K [0x000000076ac00000, 0x0000000770100000, 0x00000007c0000000)
  eden space 65536K, 100% used [0x000000076ac00000,0x000000076ec00000,0x000000076ec00000)
  from space 10752K, 0% used [0x000000076f680000,0x000000076f680000,0x0000000770100000)
  to   space 10752K, 0% used [0x000000076ec00000,0x000000076ec00000,0x000000076f680000)
 ParOldGen       total 175104K, used 0K [0x00000006c0400000, 0x00000006caf00000, 0x000000076ac00000)
  object space 175104K, 0% used [0x00000006c0400000,0x00000006c0400000,0x00000006caf00000)
 Metaspace       used 17589K, capacity 18362K, committed 18688K, reserved 1064960K
  class space    used 2201K, capacity 2441K, committed 2560K, reserved 1048576K
Event: 14.189 GC heap after
Heap after GC invocations=1 (full 0):
 PSYoungGen      total 76288K, used 10632K [0x000000076ac00000, 0x0000000770100000, 0x00000007c0000000)
  eden space 65536K, 0% used [0x000000076ac00000,0x000000076ac00000,0x000000076ec00000)
  from space 10752K, 98% used [0x000000076ec00000,0x000000076f662068,0x000000076f680000)
  to   space 10752K, 0% used [0x000000076f680000,0x000000076f680000,0x0000000770100000)
 ParOldGen       total 175104K, used 88K [0x00000006c0400000, 0x00000006caf00000, 0x000000076ac00000)
  object space 175104K, 0% used [0x00000006c0400000,0x00000006c0416010,0x00000006caf00000)
 Metaspace       used 17589K, capacity 18362K, committed 18688K, reserved 1064960K
  class space    used 2201K, capacity 2441K, committed 2560K, reserved 1048576K
}
Event: 14.681 GC heap before
{Heap before GC invocations=2 (full 0):
 PSYoungGen      total 76288K, used 24258K [0x000000076ac00000, 0x0000000770100000, 0x00000007c0000000)
  eden space 65536K, 20% used [0x000000076ac00000,0x000000076b94e8b0,0x000000076ec00000)
  from space 10752K, 98% used [0x000000076ec00000,0x000000076f662068,0x000000076f680000)
  to   space 10752K, 0% used [0x000000076f680000,0x000000076f680000,0x0000000770100000)
 ParOldGen       total 175104K, used 88K [0x00000006c0400000, 0x00000006caf00000, 0x000000076ac00000)
  object space 175104K, 0% used [0x00000006c0400000,0x00000006c0416010,0x00000006caf00000)
 Metaspace       used 20260K, capacity 21188K, committed 21248K, reserved 1067008K
  class space    used 2524K, capacity 2796K, committed 2816K, reserved 1048576K
Event: 14.693 GC heap after
Heap after GC invocations=2 (full 0):
 PSYoungGen      total 76288K, used 6946K [0x000000076ac00000, 0x0000000774100000, 0x00000007c0000000)
  eden space 65536K, 0% used [0x000000076ac00000,0x000000076ac00000,0x000000076ec00000)
  from space 10752K, 64% used [0x000000076f680000,0x000000076fd48970,0x0000000770100000)
  to   space 10752K, 0% used [0x000000076ec00000,0x000000076ec00000,0x000000076f680000)
 ParOldGen       total 175104K, used 96K [0x00000006c0400000, 0x00000006caf00000, 0x000000076ac00000)
  object space 175104K, 0% used [0x00000006c0400000,0x00000006c0418010,0x00000006caf00000)
 Metaspace       used 20260K, capacity 21188K, committed 21248K, reserved 1067008K
  class space    used 2524K, capacity 2796K, committed 2816K, reserved 1048576K
}
Event: 14.693 GC heap before
{Heap before GC invocations=3 (full 1):
 PSYoungGen      total 76288K, used 6946K [0x000000076ac00000, 0x0000000774100000, 0x00000007c0000000)
  eden space 65536K, 0% used [0x000000076ac00000,0x000000076ac00000,0x000000076ec00000)
  from space 10752K, 64% used [0x000000076f680000,0x000000076fd48970,0x0000000770100000)
  to   space 10752K, 0% used [0x000000076ec00000,0x000000076ec00000,0x000000076f680000)
 ParOldGen       total 175104K, used 96K [0x00000006c0400000, 0x00000006caf00000, 0x000000076ac00000)
  object space 175104K, 0% used [0x00000006c0400000,0x00000006c0418010,0x00000006caf00000)
 Metaspace       used 20260K, capacity 21188K, committed 21248K, reserved 1067008K
  class space    used 2524K, capacity 2796K, committed 2816K, reserved 1048576K
Event: 14.735 GC heap after
Heap after GC invocations=3 (full 1):
 PSYoungGen      total 76288K, used 0K [0x000000076ac00000, 0x0000000774100000, 0x00000007c0000000)
  eden space 65536K, 0% used [0x000000076ac00000,0x000000076ac00000,0x000000076ec00000)
  from space 10752K, 0% used [0x000000076f680000,0x000000076f680000,0x0000000770100000)
  to   space 10752K, 0% used [0x000000076ec00000,0x000000076ec00000,0x000000076f680000)
 ParOldGen       total 84992K, used 6766K [0x00000006c0400000, 0x00000006c5700000, 0x000000076ac00000)
  object space 84992K, 7% used [0x00000006c0400000,0x00000006c0a9ba58,0x00000006c5700000)
 Metaspace       used 20260K, capacity 21188K, committed 21248K, reserved 1067008K
  class space    used 2524K, capacity 2796K, committed 2816K, reserved 1048576K
}

