<?xml version="1.0" encoding="UTF-8"?>
<!-- Generated by org.testng.reporters.JUnitXMLReporter -->
<testsuite hostname="DESKTOP-J4D1QAS" ignored="0" name="Default test" tests="3" failures="0" timestamp="2020-04-05T23:54:15 CEST" time="23.839" errors="0">
  <testcase name="verifyClicksOnCategories" time="7.885" classname="tests.CPetStoreMenuTest"/>
  <testcase name="verifyLinksInAllMenus" time="3.038" classname="tests.CPetStoreMenuTest"/>
  <testcase name="verifyPathToSignInPage" time="0.53" classname="tests.CPetStoreMenuTest"/>
</testsuite> <!-- Default test -->
