<?xml version="1.0" encoding="UTF-8"?>
<testng-results skipped="0" failed="0" ignored="0" total="1" passed="1">
  <reporter-output>
  </reporter-output>
  <suite name="Default suite" duration-ms="17653" started-at="2020-04-08T09:25:42 CEST" finished-at="2020-04-08T09:25:59 CEST">
    <groups>
    </groups>
    <test name="Default test" duration-ms="17653" started-at="2020-04-08T09:25:42 CEST" finished-at="2020-04-08T09:25:59 CEST">
      <class name="tests.DSignInTest">
        <test-method status="PASS" signature="setup()[pri:0, instance:tests.DSignInTest@35d176f7]" name="setup" is-config="true" duration-ms="11750" started-at="2020-04-08T09:25:42 CEST" finished-at="2020-04-08T09:25:54 CEST">
          <reporter-output>
          </reporter-output>
        </test-method> <!-- setup -->
        <test-method status="PASS" signature="testingUserRegistration()[pri:0, instance:tests.DSignInTest@35d176f7]" name="testingUserRegistration" duration-ms="5847" started-at="2020-04-08T09:25:54 CEST" finished-at="2020-04-08T09:25:59 CEST">
          <reporter-output>
          </reporter-output>
        </test-method> <!-- testingUserRegistration -->
        <test-method status="PASS" signature="afterClass()[pri:0, instance:tests.DSignInTest@35d176f7]" name="afterClass" is-config="true" duration-ms="1" started-at="2020-04-08T09:25:59 CEST" finished-at="2020-04-08T09:25:59 CEST">
          <reporter-output>
          </reporter-output>
        </test-method> <!-- afterClass -->
      </class> <!-- tests.DSignInTest -->
    </test> <!-- Default test -->
  </suite> <!-- Default suite -->
</testng-results>
